<?xml version="1.0" encoding="UTF-8"?>
<!-- Generated by org.testng.reporters.JUnitReportReporter -->
<testsuite hostname="DESKTOP-F52EDBA" failures="0" tests="1" name="testngImplementation.CreateContactsTest" time="22.717" errors="0" timestamp="2023-02-12T21:25:43 IST" skipped="0">
  <testcase classname="testngImplementation.CreateContactsTest" name="createContactTest" time="22.717"/>
  <system-out/>
</testsuite> <!-- testngImplementation.CreateContactsTest -->
