<?xml version="1.0" encoding="UTF-8"?>
<!-- Generated by org.testng.reporters.JUnitReportReporter -->
<testsuite hostname="DESKTOP-F52EDBA" failures="0" tests="1" name="testngImplementation.CreateEventTest" time="19.121" errors="0" timestamp="2023-02-12T21:26:55 IST" skipped="0">
  <testcase classname="testngImplementation.CreateEventTest" name="createEventTest" time="19.121"/>
  <system-out/>
</testsuite> <!-- testngImplementation.CreateEventTest -->
