<?xml version="1.0" encoding="UTF-8"?>
<!-- Generated by org.testng.reporters.JUnitReportReporter -->
<testsuite hostname="DESKTOP-F52EDBA" failures="0" tests="1" name="testngImplementation.CreateOrganizationTest" time="24.412" errors="0" timestamp="2023-02-12T21:27:28 IST" skipped="0">
  <testcase classname="testngImplementation.CreateOrganizationTest" name="createOrganizationTest" time="24.412"/>
  <system-out/>
</testsuite> <!-- testngImplementation.CreateOrganizationTest -->
