<?xml version="1.0" encoding="UTF-8"?>
<!-- Generated by org.testng.reporters.JUnitReportReporter -->
<testsuite hostname="DESKTOP-F52EDBA" failures="0" tests="1" name="testngImplementation.CreateContactWithOrgTest" time="25.420" errors="0" timestamp="2023-02-12T21:26:17 IST" skipped="0">
  <testcase classname="testngImplementation.CreateContactWithOrgTest" name="createContactWithOrgTest" time="25.420"/>
  <system-out/>
</testsuite> <!-- testngImplementation.CreateContactWithOrgTest -->
