<?xml version="1.0" encoding="UTF-8"?>
<!-- Generated by org.testng.reporters.JUnitReportReporter -->
<testsuite hostname="DESKTOP-F52EDBA" failures="0" tests="1" name="testngImplementation.CreateContactsTest" time="56.698" errors="0" timestamp="2023-01-30T18:30:52 IST" skipped="0">
  <testcase classname="testngImplementation.CreateContactsTest" name="createContactTest" time="56.698"/>
  <system-out/>
</testsuite> <!-- testngImplementation.CreateContactsTest -->
