<?xml version="1.0" encoding="UTF-8"?>
<!-- Generated by org.testng.reporters.JUnitReportReporter -->
<testsuite hostname="DESKTOP-F52EDBA" failures="0" tests="1" name="testngImplementation.CreateContactsTest" time="76.837" errors="0" timestamp="2023-02-09T17:08:23 IST" skipped="0">
  <testcase classname="testngImplementation.CreateContactsTest" name="createContactTest" time="76.837"/>
  <system-out/>
</testsuite> <!-- testngImplementation.CreateContactsTest -->
