<?xml version="1.0" encoding="UTF-8"?>
<!-- Generated by org.testng.reporters.JUnitReportReporter -->
<testsuite hostname="DESKTOP-F52EDBA" failures="0" tests="1" name="testngImplementation.CreateOrganizationTest" time="46.396" errors="0" timestamp="2023-02-13T17:31:35 IST" skipped="0">
  <testcase classname="testngImplementation.CreateOrganizationTest" name="createOrganizationTest" time="46.396"/>
  <system-out/>
</testsuite> <!-- testngImplementation.CreateOrganizationTest -->
