<?xml version="1.0" encoding="UTF-8"?>
<!-- Generated by org.testng.reporters.JUnitReportReporter -->
<testsuite hostname="DESKTOP-F52EDBA" failures="0" tests="1" name="testngImplementation.CreateOrganizationWithIndustryAndTypeTest" time="15.061" errors="0" timestamp="2023-02-13T18:00:30 IST" skipped="0">
  <testcase classname="testngImplementation.CreateOrganizationWithIndustryAndTypeTest" name="createOrganizationWithIndustryAndTypeTest" time="15.061"/>
  <system-out/>
</testsuite> <!-- testngImplementation.CreateOrganizationWithIndustryAndTypeTest -->
