<?xml version="1.0" encoding="UTF-8"?>
<!-- Generated by org.testng.reporters.JUnitReportReporter -->
<testsuite hostname="DESKTOP-F52EDBA" failures="0" tests="1" name="testngImplementation.CreateAndDuplicateLeadTest" time="28.849" errors="0" timestamp="2023-02-12T21:22:42 IST" skipped="0">
  <testcase classname="testngImplementation.CreateAndDuplicateLeadTest" name="createAndDuplicateLeadTest" time="28.849"/>
  <system-out/>
</testsuite> <!-- testngImplementation.CreateAndDuplicateLeadTest -->
