<?xml version="1.0" encoding="UTF-8"?>
<!-- Generated by org.testng.reporters.JUnitReportReporter -->
<testsuite hostname="DESKTOP-F52EDBA" failures="0" tests="1" name="testngImplementation.CreateEventTest" time="22.624" errors="0" timestamp="2023-02-13T17:01:59 IST" skipped="0">
  <testcase classname="testngImplementation.CreateEventTest" name="createEventTest" time="22.624"/>
  <system-out/>
</testsuite> <!-- testngImplementation.CreateEventTest -->
